build/app/intermediates/manifest_merge_blame_file/debug/manifest-merger-blame-debug-report.txt
1<?xml version="1.0" encoding="utf-8"?>
2<manifest xmlns:android="http://schemas.android.com/apk/res/android"
3    package="com.example.fix_fill"
4    android:versionCode="1"
5    android:versionName="1.0.0" >
6
7    <uses-sdk
8        android:minSdkVersion="21"
9        android:targetSdkVersion="33" />
10    <!--
11         The INTERNET permission is required for development. Specifically,
12         the Flutter tool needs it to communicate with the running application
13         to allow setting breakpoints, to provide hot reload, etc.
14    -->
15    <uses-permission android:name="android.permission.INTERNET" />
15-->src\debug\AndroidManifest.xml:6:5-66
15-->src\debug\AndroidManifest.xml:6:22-64
16    <uses-permission android:name="android.permission.ACCESS_FINE_LOCATION" />
16-->src\main\AndroidManifest.xml:2:5-78
16-->src\main\AndroidManifest.xml:2:22-76
17    <uses-permission android:name="android.permission.ACCESS_COARSE_LOCATION" />
17-->src\main\AndroidManifest.xml:3:5-80
17-->src\main\AndroidManifest.xml:3:22-78
18    <uses-permission android:name="android.permission.READ_EXTERNAL_STORAGE" /> <!-- See https://developer.android.com/training/package-visibility/declaring for more details. -->
18-->src\main\AndroidManifest.xml:4:5-80
18-->src\main\AndroidManifest.xml:4:22-77
19    <queries>
19-->[com.stripe:financial-connections:20.34.4] AndroidManifest.xml:10:5-18:15
20
21        <!-- Added to check the default browser that will host the AuthFlow. -->
22        <intent>
22-->[com.stripe:financial-connections:20.34.4] AndroidManifest.xml:13:9-17:18
23            <action android:name="android.intent.action.VIEW" />
23-->[com.stripe:financial-connections:20.34.4] AndroidManifest.xml:14:13-65
23-->[com.stripe:financial-connections:20.34.4] AndroidManifest.xml:14:21-62
24
25            <data android:scheme="http" />
25-->[com.stripe:financial-connections:20.34.4] AndroidManifest.xml:16:13-43
25-->[com.stripe:financial-connections:20.34.4] AndroidManifest.xml:16:19-40
26        </intent>
27        <!-- Added to check if Chrome is installed for browser-based payment authentication (e.g. 3DS1). -->
28        <package android:name="com.android.chrome" /> <!-- Needs to be explicitly declared on Android R+ -->
28-->[com.stripe:payments-core:20.34.4] AndroidManifest.xml:11:9-54
28-->[com.stripe:payments-core:20.34.4] AndroidManifest.xml:11:18-51
29        <package android:name="com.google.android.apps.maps" />
29-->[com.google.android.gms:play-services-maps:18.2.0] AndroidManifest.xml:33:9-64
29-->[com.google.android.gms:play-services-maps:18.2.0] AndroidManifest.xml:33:18-61
30    </queries>
31
32    <uses-permission android:name="android.permission.ACCESS_NETWORK_STATE" />
32-->[com.stripe:stripe-core:20.34.4] AndroidManifest.xml:7:5-79
32-->[com.stripe:stripe-core:20.34.4] AndroidManifest.xml:7:22-76
33
34    <uses-feature
34-->[com.google.android.gms:play-services-maps:18.2.0] AndroidManifest.xml:26:5-28:35
35        android:glEsVersion="0x00020000"
35-->[com.google.android.gms:play-services-maps:18.2.0] AndroidManifest.xml:27:9-41
36        android:required="true" />
36-->[com.google.android.gms:play-services-maps:18.2.0] AndroidManifest.xml:28:9-32
37
38    <permission
38-->[androidx.core:core:1.10.1] AndroidManifest.xml:22:5-24:47
39        android:name="com.example.fix_fill.DYNAMIC_RECEIVER_NOT_EXPORTED_PERMISSION"
39-->[androidx.core:core:1.10.1] AndroidManifest.xml:23:9-81
40        android:protectionLevel="signature" />
40-->[androidx.core:core:1.10.1] AndroidManifest.xml:24:9-44
41
42    <uses-permission android:name="com.example.fix_fill.DYNAMIC_RECEIVER_NOT_EXPORTED_PERMISSION" />
42-->[androidx.core:core:1.10.1] AndroidManifest.xml:26:5-97
42-->[androidx.core:core:1.10.1] AndroidManifest.xml:26:22-94
43
44    <application
44-->src\main\AndroidManifest.xml:7:5-45:19
45        android:appComponentFactory="androidx.core.app.CoreComponentFactory"
45-->[androidx.core:core:1.10.1] AndroidManifest.xml:28:18-86
46        android:debuggable="true"
47        android:extractNativeLibs="true"
48        android:icon="@mipmap/ic_launcher"
48-->src\main\AndroidManifest.xml:9:9-43
49        android:label="fix_fill"
49-->src\main\AndroidManifest.xml:8:9-33
50        android:theme="@style/LaunchTheme" >
50-->src\main\AndroidManifest.xml:10:9-43
51        <meta-data
51-->src\main\AndroidManifest.xml:11:9-12:70
52            android:name="com.google.android.geo.API_KEY"
52-->src\main\AndroidManifest.xml:11:20-65
53            android:value="AIzaSyDrK0-9Eq_8P12xKMEMt3QA_rO_w_mmrCg" />
53-->src\main\AndroidManifest.xml:12:13-68
54
55        <activity
55-->src\main\AndroidManifest.xml:14:9-39:20
56            android:name="com.example.fix_fill.MainActivity"
56-->src\main\AndroidManifest.xml:15:13-41
57            android:configChanges="orientation|keyboardHidden|keyboard|screenSize|smallestScreenSize|locale|layoutDirection|fontScale|screenLayout|density|uiMode"
57-->src\main\AndroidManifest.xml:19:13-163
58            android:enableOnBackInvokedCallback="true"
58-->src\main\AndroidManifest.xml:22:13-55
59            android:exported="true"
59-->src\main\AndroidManifest.xml:16:13-36
60            android:hardwareAccelerated="true"
60-->src\main\AndroidManifest.xml:20:13-47
61            android:launchMode="singleTop"
61-->src\main\AndroidManifest.xml:17:13-43
62            android:theme="@style/LaunchTheme"
62-->src\main\AndroidManifest.xml:18:13-47
63            android:windowSoftInputMode="adjustResize" >
63-->src\main\AndroidManifest.xml:21:13-55
64
65            <!--
66                 Specifies an Android theme to apply to this Activity as soon as
67                 the Android process has started. This theme is visible to the user
68                 while the Flutter UI initializes. After that, this theme continues
69                 to determine the Window background behind the Flutter UI.
70            -->
71
72            <meta-data
72-->src\main\AndroidManifest.xml:31:13-34:17
73                android:name="io.flutter.embedding.android.NormalTheme"
73-->src\main\AndroidManifest.xml:32:15-70
74                android:resource="@style/NormalTheme" />
74-->src\main\AndroidManifest.xml:33:15-52
75
76            <intent-filter>
76-->src\main\AndroidManifest.xml:35:13-38:29
77                <action android:name="android.intent.action.MAIN" />
77-->src\main\AndroidManifest.xml:36:17-68
77-->src\main\AndroidManifest.xml:36:25-66
78
79                <category android:name="android.intent.category.LAUNCHER" />
79-->src\main\AndroidManifest.xml:37:17-76
79-->src\main\AndroidManifest.xml:37:27-74
80            </intent-filter>
81        </activity>
82        <!--
83             Don't delete the meta-data below.
84             This is used by the Flutter tool to generate GeneratedPluginRegistrant.java
85        -->
86        <meta-data
86-->src\main\AndroidManifest.xml:42:9-44:33
87            android:name="flutterEmbedding"
87-->src\main\AndroidManifest.xml:43:13-44
88            android:value="2" />
88-->src\main\AndroidManifest.xml:44:13-30
89
90        <service
90-->[:firebase_auth] AndroidManifest.xml:8:9-12:19
91            android:name="com.google.firebase.components.ComponentDiscoveryService"
91-->[:firebase_auth] AndroidManifest.xml:8:18-89
92            android:directBootAware="true"
92-->[com.google.firebase:firebase-common:20.4.2] AndroidManifest.xml:32:13-43
93            android:exported="false" >
93-->[com.google.firebase:firebase-auth:22.3.0] AndroidManifest.xml:68:13-37
94            <meta-data
94-->[:firebase_auth] AndroidManifest.xml:9:13-11:85
95                android:name="com.google.firebase.components:io.flutter.plugins.firebase.auth.FlutterFirebaseAuthRegistrar"
95-->[:firebase_auth] AndroidManifest.xml:10:17-124
96                android:value="com.google.firebase.components.ComponentRegistrar" />
96-->[:firebase_auth] AndroidManifest.xml:11:17-82
97            <meta-data
97-->[:firebase_storage] AndroidManifest.xml:9:13-11:85
98                android:name="com.google.firebase.components:io.flutter.plugins.firebase.storage.FlutterFirebaseAppRegistrar"
98-->[:firebase_storage] AndroidManifest.xml:10:17-126
99                android:value="com.google.firebase.components.ComponentRegistrar" />
99-->[:firebase_storage] AndroidManifest.xml:11:17-82
100            <meta-data
100-->[:cloud_firestore] AndroidManifest.xml:9:13-11:85
101                android:name="com.google.firebase.components:io.flutter.plugins.firebase.firestore.FlutterFirebaseFirestoreRegistrar"
101-->[:cloud_firestore] AndroidManifest.xml:10:17-134
102                android:value="com.google.firebase.components.ComponentRegistrar" />
102-->[:cloud_firestore] AndroidManifest.xml:11:17-82
103            <meta-data
103-->[:firebase_core] AndroidManifest.xml:9:13-11:85
104                android:name="com.google.firebase.components:io.flutter.plugins.firebase.core.FlutterFirebaseCoreRegistrar"
104-->[:firebase_core] AndroidManifest.xml:10:17-124
105                android:value="com.google.firebase.components.ComponentRegistrar" />
105-->[:firebase_core] AndroidManifest.xml:11:17-82
106            <meta-data
106-->[com.google.firebase:firebase-auth:22.3.0] AndroidManifest.xml:69:13-71:85
107                android:name="com.google.firebase.components:com.google.firebase.auth.FirebaseAuthRegistrar"
107-->[com.google.firebase:firebase-auth:22.3.0] AndroidManifest.xml:70:17-109
108                android:value="com.google.firebase.components.ComponentRegistrar" />
108-->[com.google.firebase:firebase-auth:22.3.0] AndroidManifest.xml:71:17-82
109            <meta-data
109-->[com.google.firebase:firebase-firestore:24.9.1] AndroidManifest.xml:17:13-19:85
110                android:name="com.google.firebase.components:com.google.firebase.firestore.FirebaseFirestoreKtxRegistrar"
110-->[com.google.firebase:firebase-firestore:24.9.1] AndroidManifest.xml:18:17-122
111                android:value="com.google.firebase.components.ComponentRegistrar" />
111-->[com.google.firebase:firebase-firestore:24.9.1] AndroidManifest.xml:19:17-82
112            <meta-data
112-->[com.google.firebase:firebase-firestore:24.9.1] AndroidManifest.xml:20:13-22:85
113                android:name="com.google.firebase.components:com.google.firebase.firestore.FirestoreRegistrar"
113-->[com.google.firebase:firebase-firestore:24.9.1] AndroidManifest.xml:21:17-111
114                android:value="com.google.firebase.components.ComponentRegistrar" />
114-->[com.google.firebase:firebase-firestore:24.9.1] AndroidManifest.xml:22:17-82
115            <meta-data
115-->[com.google.firebase:firebase-storage:20.3.0] AndroidManifest.xml:30:13-32:85
116                android:name="com.google.firebase.components:com.google.firebase.storage.FirebaseStorageKtxRegistrar"
116-->[com.google.firebase:firebase-storage:20.3.0] AndroidManifest.xml:31:17-118
117                android:value="com.google.firebase.components.ComponentRegistrar" />
117-->[com.google.firebase:firebase-storage:20.3.0] AndroidManifest.xml:32:17-82
118            <meta-data
118-->[com.google.firebase:firebase-storage:20.3.0] AndroidManifest.xml:33:13-35:85
119                android:name="com.google.firebase.components:com.google.firebase.storage.StorageRegistrar"
119-->[com.google.firebase:firebase-storage:20.3.0] AndroidManifest.xml:34:17-107
120                android:value="com.google.firebase.components.ComponentRegistrar" />
120-->[com.google.firebase:firebase-storage:20.3.0] AndroidManifest.xml:35:17-82
121            <meta-data
121-->[com.google.firebase:firebase-appcheck:17.1.1] AndroidManifest.xml:25:13-27:85
122                android:name="com.google.firebase.components:com.google.firebase.appcheck.FirebaseAppCheckKtxRegistrar"
122-->[com.google.firebase:firebase-appcheck:17.1.1] AndroidManifest.xml:26:17-120
123                android:value="com.google.firebase.components.ComponentRegistrar" />
123-->[com.google.firebase:firebase-appcheck:17.1.1] AndroidManifest.xml:27:17-82
124            <meta-data
124-->[com.google.firebase:firebase-appcheck:17.1.1] AndroidManifest.xml:28:13-30:85
125                android:name="com.google.firebase.components:com.google.firebase.appcheck.FirebaseAppCheckRegistrar"
125-->[com.google.firebase:firebase-appcheck:17.1.1] AndroidManifest.xml:29:17-117
126                android:value="com.google.firebase.components.ComponentRegistrar" />
126-->[com.google.firebase:firebase-appcheck:17.1.1] AndroidManifest.xml:30:17-82
127            <meta-data
127-->[com.google.firebase:firebase-common-ktx:20.4.2] AndroidManifest.xml:12:13-14:85
128                android:name="com.google.firebase.components:com.google.firebase.ktx.FirebaseCommonLegacyRegistrar"
128-->[com.google.firebase:firebase-common-ktx:20.4.2] AndroidManifest.xml:13:17-116
129                android:value="com.google.firebase.components.ComponentRegistrar" />
129-->[com.google.firebase:firebase-common-ktx:20.4.2] AndroidManifest.xml:14:17-82
130            <meta-data
130-->[com.google.firebase:firebase-common:20.4.2] AndroidManifest.xml:35:13-37:85
131                android:name="com.google.firebase.components:com.google.firebase.FirebaseCommonKtxRegistrar"
131-->[com.google.firebase:firebase-common:20.4.2] AndroidManifest.xml:36:17-109
132                android:value="com.google.firebase.components.ComponentRegistrar" />
132-->[com.google.firebase:firebase-common:20.4.2] AndroidManifest.xml:37:17-82
133        </service>
134
135        <provider
135-->[:image_picker_android] AndroidManifest.xml:8:9-16:20
136            android:name="io.flutter.plugins.imagepicker.ImagePickerFileProvider"
136-->[:image_picker_android] AndroidManifest.xml:9:13-82
137            android:authorities="com.example.fix_fill.flutter.image_provider"
137-->[:image_picker_android] AndroidManifest.xml:10:13-74
138            android:exported="false"
138-->[:image_picker_android] AndroidManifest.xml:11:13-37
139            android:grantUriPermissions="true" >
139-->[:image_picker_android] AndroidManifest.xml:12:13-47
140            <meta-data
140-->[:image_picker_android] AndroidManifest.xml:13:13-15:75
141                android:name="android.support.FILE_PROVIDER_PATHS"
141-->[:image_picker_android] AndroidManifest.xml:14:17-67
142                android:resource="@xml/flutter_image_picker_file_paths" />
142-->[:image_picker_android] AndroidManifest.xml:15:17-72
143        </provider>
144
145        <service
145-->[:location] AndroidManifest.xml:11:9-15:56
146            android:name="com.lyokone.location.FlutterLocationService"
146-->[:location] AndroidManifest.xml:12:13-71
147            android:enabled="true"
147-->[:location] AndroidManifest.xml:13:13-35
148            android:exported="false"
148-->[:location] AndroidManifest.xml:14:13-37
149            android:foregroundServiceType="location" />
149-->[:location] AndroidManifest.xml:15:13-53
150
151        <activity
151-->[com.stripe:financial-connections:20.34.4] AndroidManifest.xml:21:9-65:20
152            android:name="com.stripe.android.financialconnections.FinancialConnectionsSheetRedirectActivity"
152-->[com.stripe:financial-connections:20.34.4] AndroidManifest.xml:22:13-109
153            android:exported="true"
153-->[com.stripe:financial-connections:20.34.4] AndroidManifest.xml:23:13-36
154            android:launchMode="singleTask" >
154-->[com.stripe:financial-connections:20.34.4] AndroidManifest.xml:24:13-44
155            <intent-filter>
155-->[com.stripe:financial-connections:20.34.4] AndroidManifest.xml:25:13-64:29
156                <action android:name="android.intent.action.VIEW" />
156-->[com.stripe:financial-connections:20.34.4] AndroidManifest.xml:14:13-65
156-->[com.stripe:financial-connections:20.34.4] AndroidManifest.xml:14:21-62
157
158                <category android:name="android.intent.category.DEFAULT" />
158-->[com.stripe:financial-connections:20.34.4] AndroidManifest.xml:28:17-76
158-->[com.stripe:financial-connections:20.34.4] AndroidManifest.xml:28:27-73
159                <category android:name="android.intent.category.BROWSABLE" />
159-->[com.stripe:financial-connections:20.34.4] AndroidManifest.xml:29:17-78
159-->[com.stripe:financial-connections:20.34.4] AndroidManifest.xml:29:27-75
160
161                <!-- Returning from app2app: return_url is triggered to reopen web AuthFlow and poll accounts. -->
162                <data
162-->[com.stripe:financial-connections:20.34.4] AndroidManifest.xml:16:13-43
163                    android:host="link-accounts"
164                    android:pathPrefix="/com.example.fix_fill/authentication_return"
165                    android:scheme="stripe-auth" />
165-->[com.stripe:financial-connections:20.34.4] AndroidManifest.xml:16:19-40
166
167                <!-- Returning from app2app: return_url is triggered to reopen native AuthFlow and poll accounts. -->
168                <data
168-->[com.stripe:financial-connections:20.34.4] AndroidManifest.xml:16:13-43
169                    android:host="link-native-accounts"
170                    android:pathPrefix="/com.example.fix_fill/authentication_return"
171                    android:scheme="stripe-auth" />
171-->[com.stripe:financial-connections:20.34.4] AndroidManifest.xml:16:19-40
172
173                <!-- End of web AuthFlow success and cancel URIs that begin with "stripe-auth://link-accounts/{app-id}/...” -->
174                <data
174-->[com.stripe:financial-connections:20.34.4] AndroidManifest.xml:16:13-43
175                    android:host="link-accounts"
176                    android:path="/com.example.fix_fill/success"
177                    android:scheme="stripe-auth" />
177-->[com.stripe:financial-connections:20.34.4] AndroidManifest.xml:16:19-40
178                <data
178-->[com.stripe:financial-connections:20.34.4] AndroidManifest.xml:16:13-43
179                    android:host="link-accounts"
180                    android:path="/com.example.fix_fill/cancel"
181                    android:scheme="stripe-auth" />
181-->[com.stripe:financial-connections:20.34.4] AndroidManifest.xml:16:19-40
182
183                <!-- Opening app2app: Web flow triggers stripe-auth://native-redirect/{app-id}/http://web-that-redirects-to-native -->
184                <data
184-->[com.stripe:financial-connections:20.34.4] AndroidManifest.xml:16:13-43
185                    android:host="native-redirect"
186                    android:pathPrefix="/com.example.fix_fill"
187                    android:scheme="stripe-auth" />
187-->[com.stripe:financial-connections:20.34.4] AndroidManifest.xml:16:19-40
188
189                <!-- Accepts success/cancel/fail URIs that begin with "stripe://auth-redirect” -->
190                <data
190-->[com.stripe:financial-connections:20.34.4] AndroidManifest.xml:16:13-43
191                    android:host="auth-redirect"
192                    android:pathPrefix="/com.example.fix_fill"
193                    android:scheme="stripe" />
193-->[com.stripe:financial-connections:20.34.4] AndroidManifest.xml:16:19-40
194            </intent-filter>
195        </activity>
196        <activity
196-->[com.stripe:financial-connections:20.34.4] AndroidManifest.xml:66:9-69:57
197            android:name="com.stripe.android.financialconnections.FinancialConnectionsSheetActivity"
197-->[com.stripe:financial-connections:20.34.4] AndroidManifest.xml:67:13-101
198            android:exported="false"
198-->[com.stripe:financial-connections:20.34.4] AndroidManifest.xml:68:13-37
199            android:theme="@style/StripeDefaultTheme" />
199-->[com.stripe:financial-connections:20.34.4] AndroidManifest.xml:69:13-54
200        <activity
200-->[com.stripe:financial-connections:20.34.4] AndroidManifest.xml:70:9-74:58
201            android:name="com.stripe.android.financialconnections.ui.FinancialConnectionsSheetNativeActivity"
201-->[com.stripe:financial-connections:20.34.4] AndroidManifest.xml:71:13-110
202            android:exported="false"
202-->[com.stripe:financial-connections:20.34.4] AndroidManifest.xml:72:13-37
203            android:theme="@style/StripeDefaultTheme"
203-->[com.stripe:financial-connections:20.34.4] AndroidManifest.xml:73:13-54
204            android:windowSoftInputMode="adjustResize" />
204-->[com.stripe:financial-connections:20.34.4] AndroidManifest.xml:74:13-55
205
206        <provider
206-->[com.stripe:financial-connections:20.34.4] AndroidManifest.xml:76:9-80:43
207            android:name="com.stripe.android.financialconnections.appinitializer.FinancialConnectionsInitializer"
207-->[com.stripe:financial-connections:20.34.4] AndroidManifest.xml:77:13-114
208            android:authorities="com.example.fix_fill.financialconnections-init"
208-->[com.stripe:financial-connections:20.34.4] AndroidManifest.xml:78:13-77
209            android:exported="false"
209-->[com.stripe:financial-connections:20.34.4] AndroidManifest.xml:79:13-37
210            android:multiprocess="true" />
210-->[com.stripe:financial-connections:20.34.4] AndroidManifest.xml:80:13-40
211
212        <activity
212-->[com.stripe:paymentsheet:20.34.4] AndroidManifest.xml:8:9-12:58
213            android:name="com.stripe.android.paymentsheet.PaymentSheetActivity"
213-->[com.stripe:paymentsheet:20.34.4] AndroidManifest.xml:9:13-80
214            android:exported="false"
214-->[com.stripe:paymentsheet:20.34.4] AndroidManifest.xml:10:13-37
215            android:theme="@style/StripePaymentSheetDefaultTheme"
215-->[com.stripe:paymentsheet:20.34.4] AndroidManifest.xml:11:13-66
216            android:windowSoftInputMode="adjustResize" />
216-->[com.stripe:paymentsheet:20.34.4] AndroidManifest.xml:12:13-55
217        <activity
217-->[com.stripe:paymentsheet:20.34.4] AndroidManifest.xml:13:9-17:58
218            android:name="com.stripe.android.paymentsheet.PaymentOptionsActivity"
218-->[com.stripe:paymentsheet:20.34.4] AndroidManifest.xml:14:13-82
219            android:exported="false"
219-->[com.stripe:paymentsheet:20.34.4] AndroidManifest.xml:15:13-37
220            android:theme="@style/StripePaymentSheetDefaultTheme"
220-->[com.stripe:paymentsheet:20.34.4] AndroidManifest.xml:16:13-66
221            android:windowSoftInputMode="adjustResize" />
221-->[com.stripe:paymentsheet:20.34.4] AndroidManifest.xml:17:13-55
222        <activity
222-->[com.stripe:paymentsheet:20.34.4] AndroidManifest.xml:18:9-22:58
223            android:name="com.stripe.android.customersheet.CustomerSheetActivity"
223-->[com.stripe:paymentsheet:20.34.4] AndroidManifest.xml:19:13-82
224            android:exported="false"
224-->[com.stripe:paymentsheet:20.34.4] AndroidManifest.xml:20:13-37
225            android:theme="@style/StripePaymentSheetDefaultTheme"
225-->[com.stripe:paymentsheet:20.34.4] AndroidManifest.xml:21:13-66
226            android:windowSoftInputMode="adjustResize" />
226-->[com.stripe:paymentsheet:20.34.4] AndroidManifest.xml:22:13-55
227        <activity
227-->[com.stripe:paymentsheet:20.34.4] AndroidManifest.xml:23:9-26:69
228            android:name="com.stripe.android.paymentsheet.addresselement.AddressElementActivity"
228-->[com.stripe:paymentsheet:20.34.4] AndroidManifest.xml:24:13-97
229            android:exported="false"
229-->[com.stripe:paymentsheet:20.34.4] AndroidManifest.xml:25:13-37
230            android:theme="@style/StripePaymentSheetDefaultTheme" />
230-->[com.stripe:paymentsheet:20.34.4] AndroidManifest.xml:26:13-66
231        <activity
231-->[com.stripe:paymentsheet:20.34.4] AndroidManifest.xml:27:9-30:69
232            android:name="com.stripe.android.paymentsheet.paymentdatacollection.bacs.BacsMandateConfirmationActivity"
232-->[com.stripe:paymentsheet:20.34.4] AndroidManifest.xml:28:13-118
233            android:exported="false"
233-->[com.stripe:paymentsheet:20.34.4] AndroidManifest.xml:29:13-37
234            android:theme="@style/StripePaymentSheetDefaultTheme" />
234-->[com.stripe:paymentsheet:20.34.4] AndroidManifest.xml:30:13-66
235        <activity
235-->[com.stripe:paymentsheet:20.34.4] AndroidManifest.xml:31:9-34:69
236            android:name="com.stripe.android.paymentsheet.paymentdatacollection.polling.PollingActivity"
236-->[com.stripe:paymentsheet:20.34.4] AndroidManifest.xml:32:13-105
237            android:exported="false"
237-->[com.stripe:paymentsheet:20.34.4] AndroidManifest.xml:33:13-37
238            android:theme="@style/StripePaymentSheetDefaultTheme" />
238-->[com.stripe:paymentsheet:20.34.4] AndroidManifest.xml:34:13-66
239        <activity
239-->[com.stripe:paymentsheet:20.34.4] AndroidManifest.xml:35:9-38:69
240            android:name="com.stripe.android.paymentsheet.ui.SepaMandateActivity"
240-->[com.stripe:paymentsheet:20.34.4] AndroidManifest.xml:36:13-82
241            android:exported="false"
241-->[com.stripe:paymentsheet:20.34.4] AndroidManifest.xml:37:13-37
242            android:theme="@style/StripePaymentSheetDefaultTheme" />
242-->[com.stripe:paymentsheet:20.34.4] AndroidManifest.xml:38:13-66
243        <activity
243-->[com.stripe:link:20.34.4] AndroidManifest.xml:8:9-13:61
244            android:name="com.stripe.android.link.LinkForegroundActivity"
244-->[com.stripe:link:20.34.4] AndroidManifest.xml:9:13-74
245            android:autoRemoveFromRecents="true"
245-->[com.stripe:link:20.34.4] AndroidManifest.xml:10:13-49
246            android:configChanges="orientation|keyboard|keyboardHidden|screenLayout|screenSize|smallestScreenSize"
246-->[com.stripe:link:20.34.4] AndroidManifest.xml:11:13-115
247            android:launchMode="singleTop"
247-->[com.stripe:link:20.34.4] AndroidManifest.xml:12:13-43
248            android:theme="@style/StripeTransparentTheme" />
248-->[com.stripe:link:20.34.4] AndroidManifest.xml:13:13-58
249        <activity
249-->[com.stripe:link:20.34.4] AndroidManifest.xml:14:9-31:20
250            android:name="com.stripe.android.link.LinkRedirectHandlerActivity"
250-->[com.stripe:link:20.34.4] AndroidManifest.xml:15:13-79
251            android:autoRemoveFromRecents="true"
251-->[com.stripe:link:20.34.4] AndroidManifest.xml:16:13-49
252            android:exported="true"
252-->[com.stripe:link:20.34.4] AndroidManifest.xml:17:13-36
253            android:launchMode="singleInstance"
253-->[com.stripe:link:20.34.4] AndroidManifest.xml:18:13-48
254            android:theme="@style/StripeTransparentTheme" >
254-->[com.stripe:link:20.34.4] AndroidManifest.xml:19:13-58
255            <intent-filter>
255-->[com.stripe:link:20.34.4] AndroidManifest.xml:20:13-30:29
256                <action android:name="android.intent.action.VIEW" />
256-->[com.stripe:financial-connections:20.34.4] AndroidManifest.xml:14:13-65
256-->[com.stripe:financial-connections:20.34.4] AndroidManifest.xml:14:21-62
257
258                <category android:name="android.intent.category.DEFAULT" />
258-->[com.stripe:financial-connections:20.34.4] AndroidManifest.xml:28:17-76
258-->[com.stripe:financial-connections:20.34.4] AndroidManifest.xml:28:27-73
259                <category android:name="android.intent.category.BROWSABLE" />
259-->[com.stripe:financial-connections:20.34.4] AndroidManifest.xml:29:17-78
259-->[com.stripe:financial-connections:20.34.4] AndroidManifest.xml:29:27-75
260
261                <data
261-->[com.stripe:financial-connections:20.34.4] AndroidManifest.xml:16:13-43
262                    android:host="complete"
263                    android:path="/com.example.fix_fill"
264                    android:scheme="link-popup" />
264-->[com.stripe:financial-connections:20.34.4] AndroidManifest.xml:16:19-40
265            </intent-filter>
266        </activity>
267        <activity
267-->[com.stripe:payments-ui-core:20.34.4] AndroidManifest.xml:8:9-11:69
268            android:name="com.stripe.android.ui.core.cardscan.CardScanActivity"
268-->[com.stripe:payments-ui-core:20.34.4] AndroidManifest.xml:9:13-80
269            android:exported="false"
269-->[com.stripe:payments-ui-core:20.34.4] AndroidManifest.xml:10:13-37
270            android:theme="@style/StripePaymentSheetDefaultTheme" />
270-->[com.stripe:payments-ui-core:20.34.4] AndroidManifest.xml:11:13-66
271        <activity
271-->[com.stripe:payments-core:20.34.4] AndroidManifest.xml:15:9-18:57
272            android:name="com.stripe.android.view.AddPaymentMethodActivity"
272-->[com.stripe:payments-core:20.34.4] AndroidManifest.xml:16:13-76
273            android:exported="false"
273-->[com.stripe:payments-core:20.34.4] AndroidManifest.xml:17:13-37
274            android:theme="@style/StripeDefaultTheme" />
274-->[com.stripe:payments-core:20.34.4] AndroidManifest.xml:18:13-54
275        <activity
275-->[com.stripe:payments-core:20.34.4] AndroidManifest.xml:19:9-22:57
276            android:name="com.stripe.android.view.PaymentMethodsActivity"
276-->[com.stripe:payments-core:20.34.4] AndroidManifest.xml:20:13-74
277            android:exported="false"
277-->[com.stripe:payments-core:20.34.4] AndroidManifest.xml:21:13-37
278            android:theme="@style/StripeDefaultTheme" />
278-->[com.stripe:payments-core:20.34.4] AndroidManifest.xml:22:13-54
279        <activity
279-->[com.stripe:payments-core:20.34.4] AndroidManifest.xml:23:9-26:57
280            android:name="com.stripe.android.view.PaymentFlowActivity"
280-->[com.stripe:payments-core:20.34.4] AndroidManifest.xml:24:13-71
281            android:exported="false"
281-->[com.stripe:payments-core:20.34.4] AndroidManifest.xml:25:13-37
282            android:theme="@style/StripeDefaultTheme" />
282-->[com.stripe:payments-core:20.34.4] AndroidManifest.xml:26:13-54
283        <activity
283-->[com.stripe:payments-core:20.34.4] AndroidManifest.xml:27:9-31:58
284            android:name="com.stripe.android.view.PaymentAuthWebViewActivity"
284-->[com.stripe:payments-core:20.34.4] AndroidManifest.xml:28:13-78
285            android:exported="false"
285-->[com.stripe:payments-core:20.34.4] AndroidManifest.xml:29:13-37
286            android:theme="@style/StripeDefaultTheme"